Wed Dec 13 00:02:16 SGT 2023 : Apache Derby Network Server - 10.11.1.2 - (1629631) started and ready to accept connections on port 1527
----------------------------------------------------------------
Wed Dec 13 00:02:16 SGT 2023:
Booting Derby version The Apache Software Foundation - Apache Derby - 10.11.1.2 - (1629631): instance a816c00e-018c-5ec3-bf33-ffffd9aa7e2c 
on database directory C:\Users\User\Documents\Library-Management-System\Database\LMS with class loader jdk.internal.loader.ClassLoaders$AppClassLoader@2cdf8d8a 
Loaded from file:/C:/Program%20Files/Java/jdk1.8.0_171/db/lib/derby.jar
java.vendor=Oracle Corporation
java.runtime.version=11.0.17+10-LTS-269
user.dir=C:\Program Files\Java\jdk1.8.0_171\db
os.name=Windows 11
os.arch=amd64
os.version=10.0
derby.system.home=C:\Users\User\Documents\Library-Management-System\Database
Database Class Loader started - derby.database.classpath=''
----------------------------------------------------------------
Wed Dec 13 00:10:50 SGT 2023: Shutting down Derby engine
----------------------------------------------------------------
Wed Dec 13 00:10:50 SGT 2023:
Shutting down instance a816c00e-018c-5ec3-bf33-ffffd9aa7e2c on database directory C:\Users\User\Documents\Library-Management-System\Database\LMS with class loader jdk.internal.loader.ClassLoaders$AppClassLoader@2cdf8d8a 
----------------------------------------------------------------
